#
# There is insufficient memory for the Java Runtime Environment to continue.
# Native memory allocation (malloc) failed to allocate 32744 bytes for Chunk::new
# Possible reasons:
#   The system is out of physical RAM or swap space
#   The process is running with CompressedOops enabled, and the Java Heap may be blocking the growth of the native heap
# Possible solutions:
#   Reduce memory load on the system
#   Increase physical memory or swap space
#   Check if swap backing store is full
#   Decrease Java heap size (-Xmx/-Xms)
#   Decrease number of Java threads
#   Decrease Java thread stack sizes (-Xss)
#   Set larger code cache with -XX:ReservedCodeCacheSize=
#   JVM is running with Unscaled Compressed Oops mode in which the Java heap is
#     placed in the first 4GB address space. The Java Heap base address is the
#     maximum limit for the native heap growth. Please use -XX:HeapBaseMinAddress
#     to set the Java Heap base and to place the Java Heap above 4GB virtual address.
# This output file may be truncated or incomplete.
#
#  Out of Memory Error (arena.cpp:168), pid=8544, tid=19412
#
# JRE version: Java(TM) SE Runtime Environment (21.0.7+8) (build 21.0.7+8-LTS-245)
# Java VM: Java HotSpot(TM) 64-Bit Server VM (21.0.7+8-LTS-245, mixed mode, sharing, tiered, compressed oops, compressed class ptrs, g1 gc, windows-amd64)
# No core dump will be written. Minidumps are not enabled by default on client versions of Windows
#

---------------  S U M M A R Y ------------

Command Line: -javaagent:C:\Program Files\JetBrains\IntelliJ IDEA 2025.1.2\lib\idea_rt.jar=57804 -Dfile.encoding=UTF-8 -Dsun.stdout.encoding=UTF-8 -Dsun.stderr.encoding=UTF-8 --module-path=C:\Users\owner\.m2\repository\org\openjfx\javafx-fxml\21\javafx-fxml-21-win.jar;C:\Users\owner\.m2\repository\org\controlsfx\controlsfx\11.2.1\controlsfx-11.2.1.jar;C:\Users\owner\.m2\repository\org\openjfx\javafx-graphics\21\javafx-graphics-21-win.jar;C:\Users\owner\.m2\repository\org\openjfx\javafx-controls\21\javafx-controls-21-win.jar;C:\Users\owner\.m2\repository\org\openjfx\javafx-base\21\javafx-base-21-win.jar;C:\Users\owner\.m2\repository\org\kordamp\bootstrapfx\bootstrapfx-core\0.4.0\bootstrapfx-core-0.4.0.jar;C:\Users\owner\Desktop\Techgineers_Biblioteca\Biblioteca\target\classes -Djdk.module.main=mx.edu.utez.biblioteca mx.edu.utez.biblioteca/mx.edu.utez.biblioteca.HelloApplication

Host: AMD 3020e with Radeon Graphics                 , 2 cores, 5G,  Windows 11 , 64 bit Build 22621 (10.0.22621.5415)
Time: Sun Jul 20 06:07:25 2025 Hora estándar central (México) elapsed time: 190.457043 seconds (0d 0h 3m 10s)

---------------  T H R E A D  ---------------

Current thread (0x0000022292950910):  JavaThread "C2 CompilerThread0" daemon [_thread_in_native, id=19412, stack(0x000000411ce00000,0x000000411cf00000) (1024K)]


Current CompileTask:
C2: 190457 2797   !   4       java.io.ObjectOutputStream::defaultWriteFields (288 bytes)

Stack: [0x000000411ce00000,0x000000411cf00000]
Native frames: (J=compiled Java code, j=interpreted, Vv=VM code, C=native code)
V  [jvm.dll+0x6cae19]
V  [jvm.dll+0x855741]
V  [jvm.dll+0x857c6e]
V  [jvm.dll+0x858343]
V  [jvm.dll+0x27e0b6]
V  [jvm.dll+0xc4ecd]
V  [jvm.dll+0xc5403]
V  [jvm.dll+0x1cd7de]
V  [jvm.dll+0x6a6e14]
V  [jvm.dll+0x3934e3]
V  [jvm.dll+0x390f6e]
V  [jvm.dll+0x6e16c9]
V  [jvm.dll+0x6e5051]
V  [jvm.dll+0x6dd2a5]
V  [jvm.dll+0x6dc76e]
V  [jvm.dll+0x6da98c]
V  [jvm.dll+0x1c9fbc]
V  [jvm.dll+0x245c7e]
V  [jvm.dll+0x1c6efe]
V  [jvm.dll+0x255819]
V  [jvm.dll+0x253daa]
V  [jvm.dll+0x3eebb6]
V  [jvm.dll+0x7ffa1b]
V  [jvm.dll+0x6c94fd]
C  [ucrtbase.dll+0x29333]
C  [KERNEL32.DLL+0x1259d]
C  [ntdll.dll+0x5af78]


---------------  P R O C E S S  ---------------

Threads class SMR info:
_java_thread_list=0x0000022292e897d0, length=23, elements={
0x00000222f546c110, 0x00000222929450e0, 0x0000022292945ee0, 0x000002229294a950,
0x000002229294c0c0, 0x000002229294cd70, 0x000002229294f9e0, 0x0000022292950910,
0x00000222929529d0, 0x0000022292920790, 0x00000222d8551a40, 0x0000022292d0c4c0,
0x00000222d83638f0, 0x00000222d8363f50, 0x0000022292be2560, 0x0000022292be2bc0,
0x00000222d88f9a90, 0x00000222d8c551b0, 0x00000222d8c56800, 0x00000222d8988f80,
0x00000222d8988260, 0x00000222d8496ef0, 0x00000222d8498fc0
}

Java Threads: ( => current thread )
  0x00000222f546c110 JavaThread "main"                              [_thread_blocked, id=2616, stack(0x000000411c000000,0x000000411c100000) (1024K)]
  0x00000222929450e0 JavaThread "Reference Handler"          daemon [_thread_blocked, id=12276, stack(0x000000411c800000,0x000000411c900000) (1024K)]
  0x0000022292945ee0 JavaThread "Finalizer"                  daemon [_thread_blocked, id=11340, stack(0x000000411c900000,0x000000411ca00000) (1024K)]
  0x000002229294a950 JavaThread "Signal Dispatcher"          daemon [_thread_blocked, id=14812, stack(0x000000411ca00000,0x000000411cb00000) (1024K)]
  0x000002229294c0c0 JavaThread "Attach Listener"            daemon [_thread_blocked, id=16640, stack(0x000000411cb00000,0x000000411cc00000) (1024K)]
  0x000002229294cd70 JavaThread "Service Thread"             daemon [_thread_blocked, id=14584, stack(0x000000411cc00000,0x000000411cd00000) (1024K)]
  0x000002229294f9e0 JavaThread "Monitor Deflation Thread"   daemon [_thread_blocked, id=19836, stack(0x000000411cd00000,0x000000411ce00000) (1024K)]
=>0x0000022292950910 JavaThread "C2 CompilerThread0"         daemon [_thread_in_native, id=19412, stack(0x000000411ce00000,0x000000411cf00000) (1024K)]
  0x00000222929529d0 JavaThread "C1 CompilerThread0"         daemon [_thread_blocked, id=7884, stack(0x000000411cf00000,0x000000411d000000) (1024K)]
  0x0000022292920790 JavaThread "Common-Cleaner"             daemon [_thread_blocked, id=14456, stack(0x000000411d000000,0x000000411d100000) (1024K)]
  0x00000222d8551a40 JavaThread "Monitor Ctrl-Break"         daemon [_thread_in_native, id=19284, stack(0x000000411d300000,0x000000411d400000) (1024K)]
  0x0000022292d0c4c0 JavaThread "Notification Thread"        daemon [_thread_blocked, id=12696, stack(0x000000411d400000,0x000000411d500000) (1024K)]
  0x00000222d83638f0 JavaThread "RMI TCP Accept-0"           daemon [_thread_in_native, id=924, stack(0x000000411d200000,0x000000411d300000) (1024K)]
  0x00000222d8363f50 JavaThread "RMI TCP Connection(1)-169.254.67.119" daemon [_thread_in_native, id=14792, stack(0x000000411d500000,0x000000411d600000) (1024K)]
  0x0000022292be2560 JavaThread "RMI Scheduler(0)"           daemon [_thread_blocked, id=9180, stack(0x000000411d600000,0x000000411d700000) (1024K)]
  0x0000022292be2bc0 JavaThread "JMX server connection timeout 25" daemon [_thread_blocked, id=13744, stack(0x000000411d700000,0x000000411d800000) (1024K)]
  0x00000222d88f9a90 JavaThread "QuantumRenderer-0"          daemon [_thread_blocked, id=19580, stack(0x000000411d800000,0x000000411d900000) (1024K)]
  0x00000222d8c551b0 JavaThread "InvokeLaterDispatcher"      daemon [_thread_blocked, id=15192, stack(0x000000411db00000,0x000000411dc00000) (1024K)]
  0x00000222d8c56800 JavaThread "JavaFX Application Thread"         [_thread_in_native, id=15600, stack(0x000000411dc00000,0x000000411dd00000) (1024K)]
  0x00000222d8988f80 JavaThread "JavaFX-Launcher"                   [_thread_blocked, id=17844, stack(0x000000411e200000,0x000000411e300000) (1024K)]
  0x00000222d8988260 JavaThread "Thread-2"                   daemon [_thread_in_native, id=20364, stack(0x000000411e100000,0x000000411e200000) (1024K)]
  0x00000222d8496ef0 JavaThread "Prism Font Disposer"        daemon [_thread_blocked, id=10364, stack(0x000000411e400000,0x000000411e500000) (1024K)]
  0x00000222d8498fc0 JavaThread "Cleaner-0"                  daemon [_thread_blocked, id=19608, stack(0x000000411e700000,0x000000411e800000) (1024K)]
Total: 23

Other Threads:
  0x000002229292e0f0 VMThread "VM Thread"                           [id=17924, stack(0x000000411c700000,0x000000411c800000) (1024K)]
  0x000002229291e8f0 WatcherThread "VM Periodic Task Thread"        [id=17444, stack(0x000000411c600000,0x000000411c700000) (1024K)]
  0x00000222f6de68f0 WorkerThread "GC Thread#0"                     [id=18196, stack(0x000000411c100000,0x000000411c200000) (1024K)]
  0x0000022292b97d00 WorkerThread "GC Thread#1"                     [id=15460, stack(0x000000411d100000,0x000000411d200000) (1024K)]
  0x00000222f6df3710 ConcurrentGCThread "G1 Main Marker"            [id=18488, stack(0x000000411c200000,0x000000411c300000) (1024K)]
  0x00000222f6df43c0 WorkerThread "G1 Conc#0"                       [id=796, stack(0x000000411c300000,0x000000411c400000) (1024K)]
  0x00000222927f20c0 ConcurrentGCThread "G1 Refine#0"               [id=20268, stack(0x000000411c400000,0x000000411c500000) (1024K)]
  0x00000222f6e39be0 ConcurrentGCThread "G1 Service"                [id=16436, stack(0x000000411c500000,0x000000411c600000) (1024K)]
Total: 8

Threads with active compile tasks:
C2 CompilerThread0   190576 2797   !   4       java.io.ObjectOutputStream::defaultWriteFields (288 bytes)
Total: 1

VM state: not at safepoint (normal execution)

VM Mutex/Monitor currently owned by a thread: None

Heap address: 0x00000000a0e00000, size: 1522 MB, Compressed Oops mode: 32-bit

CDS archive(s) mapped at: [0x0000022293000000-0x0000022293c90000-0x0000022293c90000), size 13172736, SharedBaseAddress: 0x0000022293000000, ArchiveRelocationMode: 1.
Compressed class space mapped at: 0x0000022294000000-0x00000222d4000000, reserved size: 1073741824
Narrow klass base: 0x0000022293000000, Narrow klass shift: 0, Narrow klass range: 0x100000000

GC Precious Log:
 CardTable entry size: 512
 Card Set container configuration: InlinePtr #cards 5 size 8 Array Of Cards #cards 12 size 40 Howl #buckets 4 coarsen threshold 1843 Howl Bitmap #cards 512 size 80 coarsen threshold 460 Card regions per heap region 1 cards per card region 2048
 CPUs: 2 total, 2 available
 Memory: 6086M
 Large Page Support: Disabled
 NUMA Support: Disabled
 Compressed Oops: Enabled (32-bit)
 Heap Region Size: 1M
 Heap Min Capacity: 8M
 Heap Initial Capacity: 96M
 Heap Max Capacity: 1522M
 Pre-touch: Disabled
 Parallel Workers: 2
 Concurrent Workers: 1
 Concurrent Refinement Workers: 2
 Periodic GC: Disabled

Heap:
 garbage-first heap   total 98304K, used 15547K [0x00000000a0e00000, 0x0000000100000000)
  region size 1024K, 12 young (12288K), 5 survivors (5120K)
 Metaspace       used 17876K, committed 18304K, reserved 1114112K
  class space    used 2299K, committed 2496K, reserved 1048576K

Heap Regions: E=young(eden), S=young(survivor), O=old, HS=humongous(starts), HC=humongous(continues), CS=collection set, F=free, TAMS=top-at-mark-start, PB=parsable bottom
|   0|0x00000000a0e00000, 0x00000000a0f00000, 0x00000000a0f00000|100%| O|  |TAMS 0x00000000a0e00000| PB 0x00000000a0e00000| Untracked 
|   1|0x00000000a0f00000, 0x00000000a1000000, 0x00000000a1000000|100%| O|  |TAMS 0x00000000a0f00000| PB 0x00000000a0f00000| Untracked 
|   2|0x00000000a1000000, 0x00000000a102ec10, 0x00000000a1100000| 18%| O|  |TAMS 0x00000000a1000000| PB 0x00000000a1000000| Untracked 
|   3|0x00000000a1100000, 0x00000000a1200000, 0x00000000a1200000|100%|HS|  |TAMS 0x00000000a1100000| PB 0x00000000a1100000| Complete 
|   4|0x00000000a1200000, 0x00000000a1300000, 0x00000000a1300000|100%|HC|  |TAMS 0x00000000a1200000| PB 0x00000000a1200000| Complete 
|   5|0x00000000a1300000, 0x00000000a1300000, 0x00000000a1400000|  0%| F|  |TAMS 0x00000000a1300000| PB 0x00000000a1300000| Untracked 
|   6|0x00000000a1400000, 0x00000000a1400000, 0x00000000a1500000|  0%| F|  |TAMS 0x00000000a1400000| PB 0x00000000a1400000| Untracked 
|   7|0x00000000a1500000, 0x00000000a1500000, 0x00000000a1600000|  0%| F|  |TAMS 0x00000000a1500000| PB 0x00000000a1500000| Untracked 
|   8|0x00000000a1600000, 0x00000000a1600000, 0x00000000a1700000|  0%| F|  |TAMS 0x00000000a1600000| PB 0x00000000a1600000| Untracked 
|   9|0x00000000a1700000, 0x00000000a1700000, 0x00000000a1800000|  0%| F|  |TAMS 0x00000000a1700000| PB 0x00000000a1700000| Untracked 
|  10|0x00000000a1800000, 0x00000000a1800000, 0x00000000a1900000|  0%| F|  |TAMS 0x00000000a1800000| PB 0x00000000a1800000| Untracked 
|  11|0x00000000a1900000, 0x00000000a1900000, 0x00000000a1a00000|  0%| F|  |TAMS 0x00000000a1900000| PB 0x00000000a1900000| Untracked 
|  12|0x00000000a1a00000, 0x00000000a1a00000, 0x00000000a1b00000|  0%| F|  |TAMS 0x00000000a1a00000| PB 0x00000000a1a00000| Untracked 
|  13|0x00000000a1b00000, 0x00000000a1b00000, 0x00000000a1c00000|  0%| F|  |TAMS 0x00000000a1b00000| PB 0x00000000a1b00000| Untracked 
|  14|0x00000000a1c00000, 0x00000000a1c00000, 0x00000000a1d00000|  0%| F|  |TAMS 0x00000000a1c00000| PB 0x00000000a1c00000| Untracked 
|  15|0x00000000a1d00000, 0x00000000a1d00000, 0x00000000a1e00000|  0%| F|  |TAMS 0x00000000a1d00000| PB 0x00000000a1d00000| Untracked 
|  16|0x00000000a1e00000, 0x00000000a1e00000, 0x00000000a1f00000|  0%| F|  |TAMS 0x00000000a1e00000| PB 0x00000000a1e00000| Untracked 
|  17|0x00000000a1f00000, 0x00000000a1f00000, 0x00000000a2000000|  0%| F|  |TAMS 0x00000000a1f00000| PB 0x00000000a1f00000| Untracked 
|  18|0x00000000a2000000, 0x00000000a2000000, 0x00000000a2100000|  0%| F|  |TAMS 0x00000000a2000000| PB 0x00000000a2000000| Untracked 
|  19|0x00000000a2100000, 0x00000000a2100000, 0x00000000a2200000|  0%| F|  |TAMS 0x00000000a2100000| PB 0x00000000a2100000| Untracked 
|  20|0x00000000a2200000, 0x00000000a2200000, 0x00000000a2300000|  0%| F|  |TAMS 0x00000000a2200000| PB 0x00000000a2200000| Untracked 
|  21|0x00000000a2300000, 0x00000000a2300000, 0x00000000a2400000|  0%| F|  |TAMS 0x00000000a2300000| PB 0x00000000a2300000| Untracked 
|  22|0x00000000a2400000, 0x00000000a2400000, 0x00000000a2500000|  0%| F|  |TAMS 0x00000000a2400000| PB 0x00000000a2400000| Untracked 
|  23|0x00000000a2500000, 0x00000000a2500000, 0x00000000a2600000|  0%| F|  |TAMS 0x00000000a2500000| PB 0x00000000a2500000| Untracked 
|  24|0x00000000a2600000, 0x00000000a2600000, 0x00000000a2700000|  0%| F|  |TAMS 0x00000000a2600000| PB 0x00000000a2600000| Untracked 
|  25|0x00000000a2700000, 0x00000000a2700000, 0x00000000a2800000|  0%| F|  |TAMS 0x00000000a2700000| PB 0x00000000a2700000| Untracked 
|  26|0x00000000a2800000, 0x00000000a2800000, 0x00000000a2900000|  0%| F|  |TAMS 0x00000000a2800000| PB 0x00000000a2800000| Untracked 
|  27|0x00000000a2900000, 0x00000000a2900000, 0x00000000a2a00000|  0%| F|  |TAMS 0x00000000a2900000| PB 0x00000000a2900000| Untracked 
|  28|0x00000000a2a00000, 0x00000000a2a00000, 0x00000000a2b00000|  0%| F|  |TAMS 0x00000000a2a00000| PB 0x00000000a2a00000| Untracked 
|  29|0x00000000a2b00000, 0x00000000a2b00000, 0x00000000a2c00000|  0%| F|  |TAMS 0x00000000a2b00000| PB 0x00000000a2b00000| Untracked 
|  30|0x00000000a2c00000, 0x00000000a2c00000, 0x00000000a2d00000|  0%| F|  |TAMS 0x00000000a2c00000| PB 0x00000000a2c00000| Untracked 
|  31|0x00000000a2d00000, 0x00000000a2d00000, 0x00000000a2e00000|  0%| F|  |TAMS 0x00000000a2d00000| PB 0x00000000a2d00000| Untracked 
|  32|0x00000000a2e00000, 0x00000000a2e00000, 0x00000000a2f00000|  0%| F|  |TAMS 0x00000000a2e00000| PB 0x00000000a2e00000| Untracked 
|  33|0x00000000a2f00000, 0x00000000a2f00000, 0x00000000a3000000|  0%| F|  |TAMS 0x00000000a2f00000| PB 0x00000000a2f00000| Untracked 
|  34|0x00000000a3000000, 0x00000000a3000000, 0x00000000a3100000|  0%| F|  |TAMS 0x00000000a3000000| PB 0x00000000a3000000| Untracked 
|  35|0x00000000a3100000, 0x00000000a3100000, 0x00000000a3200000|  0%| F|  |TAMS 0x00000000a3100000| PB 0x00000000a3100000| Untracked 
|  36|0x00000000a3200000, 0x00000000a3200000, 0x00000000a3300000|  0%| F|  |TAMS 0x00000000a3200000| PB 0x00000000a3200000| Untracked 
|  37|0x00000000a3300000, 0x00000000a3300000, 0x00000000a3400000|  0%| F|  |TAMS 0x00000000a3300000| PB 0x00000000a3300000| Untracked 
|  38|0x00000000a3400000, 0x00000000a3400000, 0x00000000a3500000|  0%| F|  |TAMS 0x00000000a3400000| PB 0x00000000a3400000| Untracked 
|  39|0x00000000a3500000, 0x00000000a3500000, 0x00000000a3600000|  0%| F|  |TAMS 0x00000000a3500000| PB 0x00000000a3500000| Untracked 
|  40|0x00000000a3600000, 0x00000000a3600000, 0x00000000a3700000|  0%| F|  |TAMS 0x00000000a3600000| PB 0x00000000a3600000| Untracked 
|  41|0x00000000a3700000, 0x00000000a3700000, 0x00000000a3800000|  0%| F|  |TAMS 0x00000000a3700000| PB 0x00000000a3700000| Untracked 
|  42|0x00000000a3800000, 0x00000000a3800000, 0x00000000a3900000|  0%| F|  |TAMS 0x00000000a3800000| PB 0x00000000a3800000| Untracked 
|  43|0x00000000a3900000, 0x00000000a3900000, 0x00000000a3a00000|  0%| F|  |TAMS 0x00000000a3900000| PB 0x00000000a3900000| Untracked 
|  44|0x00000000a3a00000, 0x00000000a3a00000, 0x00000000a3b00000|  0%| F|  |TAMS 0x00000000a3a00000| PB 0x00000000a3a00000| Untracked 
|  45|0x00000000a3b00000, 0x00000000a3b00000, 0x00000000a3c00000|  0%| F|  |TAMS 0x00000000a3b00000| PB 0x00000000a3b00000| Untracked 
|  46|0x00000000a3c00000, 0x00000000a3c00000, 0x00000000a3d00000|  0%| F|  |TAMS 0x00000000a3c00000| PB 0x00000000a3c00000| Untracked 
|  47|0x00000000a3d00000, 0x00000000a3d00000, 0x00000000a3e00000|  0%| F|  |TAMS 0x00000000a3d00000| PB 0x00000000a3d00000| Untracked 
|  48|0x00000000a3e00000, 0x00000000a3e00000, 0x00000000a3f00000|  0%| F|  |TAMS 0x00000000a3e00000| PB 0x00000000a3e00000| Untracked 
|  49|0x00000000a3f00000, 0x00000000a3f00000, 0x00000000a4000000|  0%| F|  |TAMS 0x00000000a3f00000| PB 0x00000000a3f00000| Untracked 
|  50|0x00000000a4000000, 0x00000000a4000000, 0x00000000a4100000|  0%| F|  |TAMS 0x00000000a4000000| PB 0x00000000a4000000| Untracked 
|  51|0x00000000a4100000, 0x00000000a4100000, 0x00000000a4200000|  0%| F|  |TAMS 0x00000000a4100000| PB 0x00000000a4100000| Untracked 
|  52|0x00000000a4200000, 0x00000000a4200000, 0x00000000a4300000|  0%| F|  |TAMS 0x00000000a4200000| PB 0x00000000a4200000| Untracked 
|  53|0x00000000a4300000, 0x00000000a4300000, 0x00000000a4400000|  0%| F|  |TAMS 0x00000000a4300000| PB 0x00000000a4300000| Untracked 
|  54|0x00000000a4400000, 0x00000000a4500000, 0x00000000a4500000|100%| S|CS|TAMS 0x00000000a4400000| PB 0x00000000a4400000| Complete 
|  55|0x00000000a4500000, 0x00000000a4600000, 0x00000000a4600000|100%| S|CS|TAMS 0x00000000a4500000| PB 0x00000000a4500000| Complete 
|  56|0x00000000a4600000, 0x00000000a4700000, 0x00000000a4700000|100%| S|CS|TAMS 0x00000000a4600000| PB 0x00000000a4600000| Complete 
|  57|0x00000000a4700000, 0x00000000a4800000, 0x00000000a4800000|100%| S|CS|TAMS 0x00000000a4700000| PB 0x00000000a4700000| Complete 
|  58|0x00000000a4800000, 0x00000000a4900000, 0x00000000a4900000|100%| S|CS|TAMS 0x00000000a4800000| PB 0x00000000a4800000| Complete 
|  59|0x00000000a4900000, 0x00000000a4900000, 0x00000000a4a00000|  0%| F|  |TAMS 0x00000000a4900000| PB 0x00000000a4900000| Untracked 
|  60|0x00000000a4a00000, 0x00000000a4a00000, 0x00000000a4b00000|  0%| F|  |TAMS 0x00000000a4a00000| PB 0x00000000a4a00000| Untracked 
|  61|0x00000000a4b00000, 0x00000000a4b00000, 0x00000000a4c00000|  0%| F|  |TAMS 0x00000000a4b00000| PB 0x00000000a4b00000| Untracked 
|  62|0x00000000a4c00000, 0x00000000a4c00000, 0x00000000a4d00000|  0%| F|  |TAMS 0x00000000a4c00000| PB 0x00000000a4c00000| Untracked 
|  63|0x00000000a4d00000, 0x00000000a4d00000, 0x00000000a4e00000|  0%| F|  |TAMS 0x00000000a4d00000| PB 0x00000000a4d00000| Untracked 
|  64|0x00000000a4e00000, 0x00000000a4e00000, 0x00000000a4f00000|  0%| F|  |TAMS 0x00000000a4e00000| PB 0x00000000a4e00000| Untracked 
|  65|0x00000000a4f00000, 0x00000000a4f00000, 0x00000000a5000000|  0%| F|  |TAMS 0x00000000a4f00000| PB 0x00000000a4f00000| Untracked 
|  66|0x00000000a5000000, 0x00000000a5000000, 0x00000000a5100000|  0%| F|  |TAMS 0x00000000a5000000| PB 0x00000000a5000000| Untracked 
|  67|0x00000000a5100000, 0x00000000a5100000, 0x00000000a5200000|  0%| F|  |TAMS 0x00000000a5100000| PB 0x00000000a5100000| Untracked 
|  68|0x00000000a5200000, 0x00000000a5200000, 0x00000000a5300000|  0%| F|  |TAMS 0x00000000a5200000| PB 0x00000000a5200000| Untracked 
|  69|0x00000000a5300000, 0x00000000a5300000, 0x00000000a5400000|  0%| F|  |TAMS 0x00000000a5300000| PB 0x00000000a5300000| Untracked 
|  70|0x00000000a5400000, 0x00000000a5400000, 0x00000000a5500000|  0%| F|  |TAMS 0x00000000a5400000| PB 0x00000000a5400000| Untracked 
|  71|0x00000000a5500000, 0x00000000a5500000, 0x00000000a5600000|  0%| F|  |TAMS 0x00000000a5500000| PB 0x00000000a5500000| Untracked 
|  72|0x00000000a5600000, 0x00000000a5600000, 0x00000000a5700000|  0%| F|  |TAMS 0x00000000a5600000| PB 0x00000000a5600000| Untracked 
|  73|0x00000000a5700000, 0x00000000a5700000, 0x00000000a5800000|  0%| F|  |TAMS 0x00000000a5700000| PB 0x00000000a5700000| Untracked 
|  74|0x00000000a5800000, 0x00000000a5800000, 0x00000000a5900000|  0%| F|  |TAMS 0x00000000a5800000| PB 0x00000000a5800000| Untracked 
|  75|0x00000000a5900000, 0x00000000a5900000, 0x00000000a5a00000|  0%| F|  |TAMS 0x00000000a5900000| PB 0x00000000a5900000| Untracked 
|  76|0x00000000a5a00000, 0x00000000a5a00000, 0x00000000a5b00000|  0%| F|  |TAMS 0x00000000a5a00000| PB 0x00000000a5a00000| Untracked 
|  77|0x00000000a5b00000, 0x00000000a5b00000, 0x00000000a5c00000|  0%| F|  |TAMS 0x00000000a5b00000| PB 0x00000000a5b00000| Untracked 
|  78|0x00000000a5c00000, 0x00000000a5c00000, 0x00000000a5d00000|  0%| F|  |TAMS 0x00000000a5c00000| PB 0x00000000a5c00000| Untracked 
|  79|0x00000000a5d00000, 0x00000000a5d00000, 0x00000000a5e00000|  0%| F|  |TAMS 0x00000000a5d00000| PB 0x00000000a5d00000| Untracked 
|  80|0x00000000a5e00000, 0x00000000a5e00000, 0x00000000a5f00000|  0%| F|  |TAMS 0x00000000a5e00000| PB 0x00000000a5e00000| Untracked 
|  81|0x00000000a5f00000, 0x00000000a5f00000, 0x00000000a6000000|  0%| F|  |TAMS 0x00000000a5f00000| PB 0x00000000a5f00000| Untracked 
|  82|0x00000000a6000000, 0x00000000a6000000, 0x00000000a6100000|  0%| F|  |TAMS 0x00000000a6000000| PB 0x00000000a6000000| Untracked 
|  83|0x00000000a6100000, 0x00000000a6100000, 0x00000000a6200000|  0%| F|  |TAMS 0x00000000a6100000| PB 0x00000000a6100000| Untracked 
|  84|0x00000000a6200000, 0x00000000a6200000, 0x00000000a6300000|  0%| F|  |TAMS 0x00000000a6200000| PB 0x00000000a6200000| Untracked 
|  85|0x00000000a6300000, 0x00000000a6300000, 0x00000000a6400000|  0%| F|  |TAMS 0x00000000a6300000| PB 0x00000000a6300000| Untracked 
|  86|0x00000000a6400000, 0x00000000a6400000, 0x00000000a6500000|  0%| F|  |TAMS 0x00000000a6400000| PB 0x00000000a6400000| Untracked 
|  87|0x00000000a6500000, 0x00000000a6500000, 0x00000000a6600000|  0%| F|  |TAMS 0x00000000a6500000| PB 0x00000000a6500000| Untracked 
|  88|0x00000000a6600000, 0x00000000a6600000, 0x00000000a6700000|  0%| F|  |TAMS 0x00000000a6600000| PB 0x00000000a6600000| Untracked 
|  89|0x00000000a6700000, 0x00000000a67de598, 0x00000000a6800000| 86%| E|  |TAMS 0x00000000a6700000| PB 0x00000000a6700000| Complete 
|  90|0x00000000a6800000, 0x00000000a6900000, 0x00000000a6900000|100%| E|CS|TAMS 0x00000000a6800000| PB 0x00000000a6800000| Complete 
|  91|0x00000000a6900000, 0x00000000a6a00000, 0x00000000a6a00000|100%| E|CS|TAMS 0x00000000a6900000| PB 0x00000000a6900000| Complete 
|  92|0x00000000a6a00000, 0x00000000a6b00000, 0x00000000a6b00000|100%| E|CS|TAMS 0x00000000a6a00000| PB 0x00000000a6a00000| Complete 
|  93|0x00000000a6b00000, 0x00000000a6c00000, 0x00000000a6c00000|100%| E|CS|TAMS 0x00000000a6b00000| PB 0x00000000a6b00000| Complete 
|  94|0x00000000a6c00000, 0x00000000a6d00000, 0x00000000a6d00000|100%| E|CS|TAMS 0x00000000a6c00000| PB 0x00000000a6c00000| Complete 
|  95|0x00000000a6d00000, 0x00000000a6e00000, 0x00000000a6e00000|100%| E|CS|TAMS 0x00000000a6d00000| PB 0x00000000a6d00000| Complete 

Card table byte_map: [0x00000222ff920000,0x00000222ffc20000] _byte_map_base: 0x00000222ff419000

Marking Bits: (CMBitMap*) 0x00000222f6de6ff0
 Bits: [0x000002228f000000, 0x00000222907c8000)

Polling page: 0x00000222f5560000

Metaspace:

Usage:
  Non-class:     15.21 MB used.
      Class:      2.25 MB used.
       Both:     17.46 MB used.

Virtual space:
  Non-class space:       64.00 MB reserved,      15.44 MB ( 24%) committed,  1 nodes.
      Class space:        1.00 GB reserved,       2.44 MB ( <1%) committed,  1 nodes.
             Both:        1.06 GB reserved,      17.88 MB (  2%) committed. 

Chunk freelists:
   Non-Class:  13.00 KB
       Class:  13.44 MB
        Both:  13.46 MB

MaxMetaspaceSize: unlimited
CompressedClassSpaceSize: 1.00 GB
Initial GC threshold: 21.00 MB
Current GC threshold: 21.00 MB
CDS: on
 - commit_granule_bytes: 65536.
 - commit_granule_words: 8192.
 - virtual_space_node_default_size: 8388608.
 - enlarge_chunks_in_place: 1.
 - use_allocation_guard: 0.


Internal statistics:

num_allocs_failed_limit: 0.
num_arena_births: 514.
num_arena_deaths: 0.
num_vsnodes_births: 2.
num_vsnodes_deaths: 0.
num_space_committed: 286.
num_space_uncommitted: 0.
num_chunks_returned_to_freelist: 0.
num_chunks_taken_from_freelist: 987.
num_chunk_merges: 0.
num_chunk_splits: 645.
num_chunks_enlarged: 405.
num_inconsistent_stats: 0.

CodeHeap 'non-profiled nmethods': size=120064Kb used=1072Kb max_used=1072Kb free=118991Kb
 bounds [0x0000022287ac0000, 0x0000022287d30000, 0x000002228f000000]
CodeHeap 'profiled nmethods': size=120000Kb used=5475Kb max_used=5475Kb free=114525Kb
 bounds [0x0000022280000000, 0x0000022280560000, 0x0000022287530000]
CodeHeap 'non-nmethods': size=5696Kb used=1781Kb max_used=1825Kb free=3914Kb
 bounds [0x0000022287530000, 0x00000222877a0000, 0x0000022287ac0000]
 total_blobs=3594 nmethods=2794 adapters=704
 compilation: enabled
              stopped_count=0, restarted_count=0
 full_count=0

Compilation events (20 events):
Event: 167.833 Thread 0x0000022292950910 nmethod 2787 0x0000022287bca490 code [0x0000022287bca6a0, 0x0000022287bcae88]
Event: 167.845 Thread 0x0000022292950910 2788       4       jdk.internal.reflect.DirectMethodHandleAccessor::checkArgumentCount (53 bytes)
Event: 167.846 Thread 0x0000022292950910 nmethod 2788 0x0000022287bcb390 code [0x0000022287bcb520, 0x0000022287bcb5b8]
Event: 170.575 Thread 0x00000222929529d0 2789       3       java.io.ObjectStreamField::getTypeString (16 bytes)
Event: 170.577 Thread 0x00000222929529d0 nmethod 2789 0x0000022280555b10 code [0x0000022280555d40, 0x00000222805564f8]
Event: 176.134 Thread 0x00000222929529d0 2790       3       java.lang.Double::valueOf (9 bytes)
Event: 176.135 Thread 0x00000222929529d0 nmethod 2790 0x0000022280556810 code [0x00000222805569c0, 0x0000022280556c28]
Event: 176.135 Thread 0x00000222929529d0 2791       3       java.lang.Double::<init> (10 bytes)
Event: 176.135 Thread 0x00000222929529d0 nmethod 2791 0x0000022280556d90 code [0x0000022280556f40, 0x0000022280557108]
Event: 180.068 Thread 0x0000022292950910 2792       4       java.lang.ThreadLocal::getCarrierThreadLocal (29 bytes)
Event: 180.071 Thread 0x0000022292950910 nmethod 2792 0x0000022287bcb690 code [0x0000022287bcb840, 0x0000022287bcb9c0]
Event: 185.104 Thread 0x00000222929529d0 2793   !   3       sun.rmi.server.UnicastServerRef::logCall (65 bytes)
Event: 185.106 Thread 0x00000222929529d0 nmethod 2793 0x0000022280557210 code [0x00000222805574c0, 0x0000022280558180]
Event: 187.354 Thread 0x00000222929529d0 2794       3       java.lang.Integer::numberOfLeadingZeros (79 bytes)
Event: 187.354 Thread 0x00000222929529d0 nmethod 2794 0x0000022280558710 code [0x00000222805588c0, 0x0000022280558b88]
Event: 187.686 Thread 0x0000022292950910 2795       4       java.io.ObjectInputStream$PeekInputStream::readFully (48 bytes)
Event: 187.688 Thread 0x0000022292950910 nmethod 2795 0x0000022287bcbb90 code [0x0000022287bcbd20, 0x0000022287bcbe40]
Event: 189.177 Thread 0x0000022292950910 2796       4       java.io.OutputStream::flush (1 bytes)
Event: 189.177 Thread 0x0000022292950910 nmethod 2796 0x0000022287bcbf10 code [0x0000022287bcc0a0, 0x0000022287bcc128]
Event: 190.438 Thread 0x0000022292950910 2797   !   4       java.io.ObjectOutputStream::defaultWriteFields (288 bytes)

GC Heap History (8 events):
Event: 0.536 GC heap before
{Heap before GC invocations=0 (full 0):
 garbage-first heap   total 98304K, used 5120K [0x00000000a0e00000, 0x0000000100000000)
  region size 1024K, 6 young (6144K), 0 survivors (0K)
 Metaspace       used 766K, committed 896K, reserved 1114112K
  class space    used 58K, committed 128K, reserved 1048576K
}
Event: 0.542 GC heap after
{Heap after GC invocations=1 (full 0):
 garbage-first heap   total 98304K, used 676K [0x00000000a0e00000, 0x0000000100000000)
  region size 1024K, 1 young (1024K), 1 survivors (1024K)
 Metaspace       used 766K, committed 896K, reserved 1114112K
  class space    used 58K, committed 128K, reserved 1048576K
}
Event: 1.373 GC heap before
{Heap before GC invocations=1 (full 0):
 garbage-first heap   total 98304K, used 6820K [0x00000000a0e00000, 0x0000000100000000)
  region size 1024K, 8 young (8192K), 1 survivors (1024K)
 Metaspace       used 4492K, committed 4736K, reserved 1114112K
  class space    used 495K, committed 640K, reserved 1048576K
}
Event: 1.384 GC heap after
{Heap after GC invocations=2 (full 0):
 garbage-first heap   total 98304K, used 2886K [0x00000000a0e00000, 0x0000000100000000)
  region size 1024K, 1 young (1024K), 1 survivors (1024K)
 Metaspace       used 4492K, committed 4736K, reserved 1114112K
  class space    used 495K, committed 640K, reserved 1048576K
}
Event: 3.193 GC heap before
{Heap before GC invocations=2 (full 0):
 garbage-first heap   total 98304K, used 17222K [0x00000000a0e00000, 0x0000000100000000)
  region size 1024K, 16 young (16384K), 1 survivors (1024K)
 Metaspace       used 9060K, committed 9408K, reserved 1114112K
  class space    used 997K, committed 1152K, reserved 1048576K
}
Event: 3.203 GC heap after
{Heap after GC invocations=3 (full 0):
 garbage-first heap   total 98304K, used 4283K [0x00000000a0e00000, 0x0000000100000000)
  region size 1024K, 2 young (2048K), 2 survivors (2048K)
 Metaspace       used 9060K, committed 9408K, reserved 1114112K
  class space    used 997K, committed 1152K, reserved 1048576K
}
Event: 7.911 GC heap before
{Heap before GC invocations=3 (full 0):
 garbage-first heap   total 98304K, used 39099K [0x00000000a0e00000, 0x0000000100000000)
  region size 1024K, 37 young (37888K), 2 survivors (2048K)
 Metaspace       used 17034K, committed 17472K, reserved 1114112K
  class space    used 2259K, committed 2496K, reserved 1048576K
}
Event: 7.929 GC heap after
{Heap after GC invocations=4 (full 0):
 garbage-first heap   total 98304K, used 7355K [0x00000000a0e00000, 0x0000000100000000)
  region size 1024K, 5 young (5120K), 5 survivors (5120K)
 Metaspace       used 17034K, committed 17472K, reserved 1114112K
  class space    used 2259K, committed 2496K, reserved 1048576K
}

Dll operation events (20 events):
Event: 2.019 Loaded shared library C:\Users\owner\.openjfx\cache\21+31\amd64\api-ms-win-crt-heap-l1-1-0.dll
Event: 2.024 Loaded shared library C:\Users\owner\.openjfx\cache\21+31\amd64\api-ms-win-crt-locale-l1-1-0.dll
Event: 2.034 Loaded shared library C:\Users\owner\.openjfx\cache\21+31\amd64\api-ms-win-crt-math-l1-1-0.dll
Event: 2.041 Loaded shared library C:\Users\owner\.openjfx\cache\21+31\amd64\api-ms-win-crt-multibyte-l1-1-0.dll
Event: 2.052 Loaded shared library C:\Users\owner\.openjfx\cache\21+31\amd64\api-ms-win-crt-private-l1-1-0.dll
Event: 2.084 Loaded shared library C:\Users\owner\.openjfx\cache\21+31\amd64\api-ms-win-crt-process-l1-1-0.dll
Event: 2.125 Loaded shared library C:\Users\owner\.openjfx\cache\21+31\amd64\api-ms-win-crt-runtime-l1-1-0.dll
Event: 2.135 Loaded shared library C:\Users\owner\.openjfx\cache\21+31\amd64\api-ms-win-crt-stdio-l1-1-0.dll
Event: 2.141 Loaded shared library C:\Users\owner\.openjfx\cache\21+31\amd64\api-ms-win-crt-string-l1-1-0.dll
Event: 2.149 Loaded shared library C:\Users\owner\.openjfx\cache\21+31\amd64\api-ms-win-crt-time-l1-1-0.dll
Event: 2.153 Loaded shared library C:\Users\owner\.openjfx\cache\21+31\amd64\api-ms-win-crt-utility-l1-1-0.dll
Event: 2.183 Loaded shared library C:\Users\owner\.openjfx\cache\21+31\amd64\ucrtbase.dll
Event: 2.206 Loaded shared library C:\Users\owner\.openjfx\cache\21+31\amd64\vcruntime140.dll
Event: 2.217 Loaded shared library C:\Users\owner\.openjfx\cache\21+31\amd64\vcruntime140_1.dll
Event: 2.233 Loaded shared library C:\Users\owner\.openjfx\cache\21+31\amd64\msvcp140.dll
Event: 2.242 Loaded shared library C:\Users\owner\.openjfx\cache\21+31\amd64\msvcp140_1.dll
Event: 2.256 Loaded shared library C:\Users\owner\.openjfx\cache\21+31\amd64\msvcp140_2.dll
Event: 2.383 Loaded shared library C:\Users\owner\.openjfx\cache\21+31\amd64\prism_d3d.dll
Event: 2.481 Loaded shared library C:\Users\owner\.openjfx\cache\21+31\amd64\glass.dll
Event: 4.850 Loaded shared library C:\Users\owner\.openjfx\cache\21+31\amd64\javafx_font.dll

Deoptimization events (20 events):
Event: 7.835 Thread 0x00000222d88f9a90 Uncommon trap: trap_request=0xffffffde fr.pc=0x0000022287b54540 relative=0x00000000000004c0
Event: 7.835 Thread 0x00000222d88f9a90 Uncommon trap: reason=class_check action=maybe_recompile pc=0x0000022287b54540 method=java.io.BufferedInputStream.read1([BII)I @ 52 c2
Event: 7.835 Thread 0x00000222d88f9a90 DEOPT PACKING pc=0x0000022287b54540 sp=0x000000411d8fd670
Event: 7.835 Thread 0x00000222d88f9a90 DEOPT UNPACKING pc=0x00000222875846a2 sp=0x000000411d8fd628 mode 2
Event: 8.062 Thread 0x00000222d88f9a90 Uncommon trap: trap_request=0xffffffde fr.pc=0x0000022287b54540 relative=0x00000000000004c0
Event: 8.062 Thread 0x00000222d88f9a90 Uncommon trap: reason=class_check action=maybe_recompile pc=0x0000022287b54540 method=java.io.BufferedInputStream.read1([BII)I @ 52 c2
Event: 8.062 Thread 0x00000222d88f9a90 DEOPT PACKING pc=0x0000022287b54540 sp=0x000000411d8fd6c0
Event: 8.062 Thread 0x00000222d88f9a90 DEOPT UNPACKING pc=0x00000222875846a2 sp=0x000000411d8fd678 mode 2
Event: 91.998 Thread 0x00000222d849d160 Uncommon trap: trap_request=0xffffff45 fr.pc=0x0000022287b9ffc8 relative=0x00000000000005a8
Event: 91.998 Thread 0x00000222d849d160 Uncommon trap: reason=unstable_if action=reinterpret pc=0x0000022287b9ffc8 method=java.io.BufferedInputStream.implRead()I @ 23 c2
Event: 91.998 Thread 0x00000222d849d160 DEOPT PACKING pc=0x0000022287b9ffc8 sp=0x000000411beff0b0
Event: 91.998 Thread 0x00000222d849d160 DEOPT UNPACKING pc=0x00000222875846a2 sp=0x000000411befeff8 mode 2
Event: 145.219 Thread 0x00000222d8988260 Uncommon trap: trap_request=0xffffff45 fr.pc=0x0000022287bb0960 relative=0x00000000000005a0
Event: 145.220 Thread 0x00000222d8988260 Uncommon trap: reason=unstable_if action=reinterpret pc=0x0000022287bb0960 method=com.sun.javafx.tk.quantum.QuantumToolkit.pauseTimer()V @ 4 c2
Event: 145.220 Thread 0x00000222d8988260 DEOPT PACKING pc=0x0000022287bb0960 sp=0x000000411e1ff6c0
Event: 145.220 Thread 0x00000222d8988260 DEOPT UNPACKING pc=0x00000222875846a2 sp=0x000000411e1ff570 mode 2
Event: 145.234 Thread 0x00000222d8988260 Uncommon trap: trap_request=0xffffff45 fr.pc=0x0000022287bafc84 relative=0x0000000000000564
Event: 145.234 Thread 0x00000222d8988260 Uncommon trap: reason=unstable_if action=reinterpret pc=0x0000022287bafc84 method=com.sun.javafx.tk.quantum.QuantumToolkit.pauseTimer()V @ 31 c2
Event: 145.234 Thread 0x00000222d8988260 DEOPT PACKING pc=0x0000022287bafc84 sp=0x000000411e1ff600
Event: 145.234 Thread 0x00000222d8988260 DEOPT UNPACKING pc=0x00000222875846a2 sp=0x000000411e1ff568 mode 2

Classes loaded (20 events):
Event: 7.838 Loading class java/nio/DoubleBuffer
Event: 7.838 Loading class java/nio/DoubleBuffer done
Event: 7.846 Loading class java/nio/DirectFloatBufferU
Event: 7.846 Loading class java/nio/DirectFloatBufferU done
Event: 7.868 Loading class javax/management/openmbean/CompositeDataSupport
Event: 7.869 Loading class javax/management/openmbean/CompositeDataSupport done
Event: 7.870 Loading class javax/management/openmbean/OpenDataException
Event: 7.870 Loading class javax/management/openmbean/OpenDataException done
Event: 7.883 Loading class java/io/ObjectStreamException
Event: 7.883 Loading class java/io/ObjectStreamException done
Event: 7.897 Loading class java/lang/ArrayIndexOutOfBoundsException
Event: 7.897 Loading class java/lang/ArrayIndexOutOfBoundsException done
Event: 7.910 Loading class java/util/concurrent/ConcurrentLinkedQueue
Event: 7.910 Loading class java/util/concurrent/ConcurrentLinkedQueue done
Event: 7.910 Loading class java/util/concurrent/ConcurrentLinkedQueue$Node
Event: 7.910 Loading class java/util/concurrent/ConcurrentLinkedQueue$Node done
Event: 7.933 Loading class jdk/internal/ref/CleanerImpl$InnocuousThreadFactory
Event: 7.933 Loading class jdk/internal/ref/CleanerImpl$InnocuousThreadFactory done
Event: 7.948 Loading class sun/misc/Unsafe
Event: 7.948 Loading class sun/misc/Unsafe done

Classes unloaded (0 events):
No events

Classes redefined (0 events):
No events

Internal exceptions (20 events):
Event: 4.405 Thread 0x00000222d8c56800 Exception <a 'java/lang/NoSuchMethodError'{0x00000000a661f470}: 'java.lang.Object java.lang.invoke.DirectMethodHandle$Holder.invokeStaticInit(java.lang.Object, java.lang.Object, java.lang.Object, java.lang.Object)'> (0x00000000a661f470) 
thrown [s\open\src\hotspot\share\interpreter\linkResolver.cpp, line 773]
Event: 4.406 Thread 0x00000222d8c56800 Exception <a 'java/lang/NullPointerException'{0x00000000a662c4a8}> (0x00000000a662c4a8) 
thrown [s\open\src\hotspot\share\interpreter\linkResolver.cpp, line 1372]
Event: 4.587 Thread 0x00000222d8c56800 Exception <a 'java/lang/NoSuchMethodError'{0x00000000a6492888}: 'double java.lang.invoke.DelegatingMethodHandle$Holder.reinvoke_L(java.lang.Object, java.lang.Object, int)'> (0x00000000a6492888) 
thrown [s\open\src\hotspot\share\interpreter\linkResolver.cpp, line 773]
Event: 4.589 Thread 0x00000222d8c56800 Exception <a 'java/lang/NoSuchMethodError'{0x00000000a64a4450}: 'java.lang.Object java.lang.invoke.DirectMethodHandle$Holder.invokeStatic(java.lang.Object, java.lang.Object, java.lang.Object, java.lang.Object, int)'> (0x00000000a64a4450) 
thrown [s\open\src\hotspot\share\interpreter\linkResolver.cpp, line 773]
Event: 4.591 Thread 0x00000222d8c56800 Exception <a 'java/lang/NoSuchMethodError'{0x00000000a64af6b0}: 'java.lang.Object java.lang.invoke.DelegatingMethodHandle$Holder.reinvoke_L(java.lang.Object, double, double, double, double)'> (0x00000000a64af6b0) 
thrown [s\open\src\hotspot\share\interpreter\linkResolver.cpp, line 773]
Event: 4.597 Thread 0x00000222d8c56800 Exception <a 'java/lang/NoSuchMethodError'{0x00000000a64ba658}: 'java.lang.Object java.lang.invoke.DirectMethodHandle$Holder.invokeStatic(java.lang.Object, java.lang.Object, int)'> (0x00000000a64ba658) 
thrown [s\open\src\hotspot\share\interpreter\linkResolver.cpp, line 773]
Event: 4.597 Thread 0x00000222d8c56800 Exception <a 'java/lang/NoSuchMethodError'{0x00000000a64bea70}: 'void java.lang.invoke.DirectMethodHandle$Holder.invokeStatic(java.lang.Object, java.lang.Object, int, java.lang.Object)'> (0x00000000a64bea70) 
thrown [s\open\src\hotspot\share\interpreter\linkResolver.cpp, line 773]
Event: 4.598 Thread 0x00000222d8c56800 Exception <a 'java/lang/NoSuchMethodError'{0x00000000a64c5790}: 'void java.lang.invoke.DelegatingMethodHandle$Holder.delegate(java.lang.Object, java.lang.Object, int, java.lang.Object)'> (0x00000000a64c5790) 
thrown [s\open\src\hotspot\share\interpreter\linkResolver.cpp, line 773]
Event: 4.700 Thread 0x00000222d8c56800 Exception <a 'java/lang/ClassNotFoundException'{0x00000000a63e3140}: com/sun/glass/ui/win/themes> (0x00000000a63e3140) 
thrown [s\open\src\hotspot\share\prims\jni.cpp, line 539]
Event: 4.702 Thread 0x00000222d8c56800 Exception <a 'java/lang/ClassNotFoundException'{0x00000000a63ee9c8}: com/sun/glass/ui/win/themes_es> (0x00000000a63ee9c8) 
thrown [s\open\src\hotspot\share\prims\jni.cpp, line 539]
Event: 4.703 Thread 0x00000222d8c56800 Exception <a 'java/lang/ClassNotFoundException'{0x00000000a63f6a48}: com/sun/glass/ui/win/themes_es_MX> (0x00000000a63f6a48) 
thrown [s\open\src\hotspot\share\prims\jni.cpp, line 539]
Event: 5.736 Thread 0x00000222d8c56800 Exception <a 'java/lang/NoSuchMethodError'{0x00000000a5ae7118}: 'void java.lang.invoke.DirectMethodHandle$Holder.invokeSpecial(java.lang.Object, java.lang.Object, double)'> (0x00000000a5ae7118) 
thrown [s\open\src\hotspot\share\interpreter\linkResolver.cpp, line 773]
Event: 5.738 Thread 0x00000222d8c56800 Exception <a 'java/lang/NoSuchMethodError'{0x00000000a5aee2b8}: 'void java.lang.invoke.DelegatingMethodHandle$Holder.reinvoke_L(java.lang.Object, java.lang.Object, double)'> (0x00000000a5aee2b8) 
thrown [s\open\src\hotspot\share\interpreter\linkResolver.cpp, line 773]
Event: 6.027 Thread 0x00000222d8c56800 Exception <a 'java/io/FileNotFoundException'{0x00000000a5694000}> (0x00000000a5694000) 
thrown [s\open\src\hotspot\share\prims\jni.cpp, line 520]
Event: 7.045 Thread 0x00000222d8c56800 Exception <a 'java/lang/IncompatibleClassChangeError'{0x00000000a4d14548}: Found class java.lang.Object, but interface was expected> (0x00000000a4d14548) 
thrown [s\open\src\hotspot\share\interpreter\linkResolver.cpp, line 840]
Event: 7.388 Thread 0x00000222d8c56800 Exception <a 'java/lang/NoSuchMethodError'{0x00000000a4cffd48}: 'int java.lang.invoke.DirectMethodHandle$Holder.invokeSpecial(java.lang.Object, java.lang.Object, int)'> (0x00000000a4cffd48) 
thrown [s\open\src\hotspot\share\interpreter\linkResolver.cpp, line 773]
Event: 7.394 Thread 0x00000222d8c56800 Exception <a 'java/lang/NoSuchMethodError'{0x00000000a4b0af68}: 'int java.lang.invoke.DirectMethodHandle$Holder.invokeSpecial(java.lang.Object, java.lang.Object, java.lang.Object, int)'> (0x00000000a4b0af68) 
thrown [s\open\src\hotspot\share\interpreter\linkResolver.cpp, line 773]
Event: 7.514 Thread 0x00000222d8c56800 Exception <a 'java/lang/NoSuchMethodError'{0x00000000a4b9bec0}: 'java.lang.Object java.lang.invoke.DirectMethodHandle$Holder.newInvokeSpecial(java.lang.Object, java.lang.Object, int)'> (0x00000000a4b9bec0) 
thrown [s\open\src\hotspot\share\interpreter\linkResolver.cpp, line 773]
Event: 7.865 Thread 0x00000222d8363f50 Exception <a 'java/lang/NoSuchMethodError'{0x00000000a4942868}: 'long java.lang.invoke.DirectMethodHandle$Holder.invokeVirtual(java.lang.Object, java.lang.Object)'> (0x00000000a4942868) 
thrown [s\open\src\hotspot\share\interpreter\linkResolver.cpp, line 773]
Event: 7.866 Thread 0x00000222d8363f50 Exception <a 'java/lang/NoSuchMethodError'{0x00000000a4946040}: 'long java.lang.invoke.DelegatingMethodHandle$Holder.reinvoke_L(java.lang.Object, java.lang.Object)'> (0x00000000a4946040) 
thrown [s\open\src\hotspot\share\interpreter\linkResolver.cpp, line 773]

ZGC Phase Switch (0 events):
No events

VM Operations (20 events):
Event: 114.243 Executing VM operation: Cleanup
Event: 114.243 Executing VM operation: Cleanup done
Event: 142.256 Executing VM operation: Cleanup
Event: 142.256 Executing VM operation: Cleanup done
Event: 145.260 Executing VM operation: Cleanup
Event: 145.260 Executing VM operation: Cleanup done
Event: 146.262 Executing VM operation: Cleanup
Event: 146.262 Executing VM operation: Cleanup done
Event: 147.262 Executing VM operation: Cleanup
Event: 147.262 Executing VM operation: Cleanup done
Event: 163.442 Executing VM operation: Cleanup
Event: 163.442 Executing VM operation: Cleanup done
Event: 180.425 Executing VM operation: HandshakeAllThreads (HandshakeForDeflation)
Event: 180.425 Executing VM operation: HandshakeAllThreads (HandshakeForDeflation) done
Event: 180.425 Executing VM operation: RendezvousGCThreads
Event: 180.425 Executing VM operation: RendezvousGCThreads done
Event: 182.449 Executing VM operation: Cleanup
Event: 182.449 Executing VM operation: Cleanup done
Event: 189.511 Executing VM operation: Cleanup
Event: 189.511 Executing VM operation: Cleanup done

Events (20 events):
Event: 0.089 Thread 0x000002229294cd70 Thread added: 0x000002229294cd70
Event: 0.089 Thread 0x000002229294f9e0 Thread added: 0x000002229294f9e0
Event: 0.089 Thread 0x0000022292950910 Thread added: 0x0000022292950910
Event: 0.089 Thread 0x00000222929529d0 Thread added: 0x00000222929529d0
Event: 0.158 Thread 0x0000022292920790 Thread added: 0x0000022292920790
Event: 0.718 Thread 0x00000222d8551a40 Thread added: 0x00000222d8551a40
Event: 0.718 Thread 0x0000022292d0c4c0 Thread added: 0x0000022292d0c4c0
Event: 1.740 Thread 0x00000222d83638f0 Thread added: 0x00000222d83638f0
Event: 1.818 Thread 0x00000222d8363f50 Thread added: 0x00000222d8363f50
Event: 1.939 Thread 0x0000022292be2560 Thread added: 0x0000022292be2560
Event: 1.969 Thread 0x0000022292be2bc0 Thread added: 0x0000022292be2bc0
Event: 2.352 Thread 0x00000222d88f9a90 Thread added: 0x00000222d88f9a90
Event: 2.485 Thread 0x00000222d8c551b0 Thread added: 0x00000222d8c551b0
Event: 2.513 Thread 0x00000222d8c56800 Thread added: 0x00000222d8c56800
Event: 3.520 Thread 0x00000222d8988f80 Thread added: 0x00000222d8988f80
Event: 3.619 Thread 0x00000222d8988260 Thread added: 0x00000222d8988260
Event: 6.949 Thread 0x00000222d8496ef0 Thread added: 0x00000222d8496ef0
Event: 7.933 Thread 0x00000222d8498fc0 Thread added: 0x00000222d8498fc0
Event: 62.098 Thread 0x00000222d849d160 Thread added: 0x00000222d849d160
Event: 152.011 Thread 0x00000222d849d160 Thread exited: 0x00000222d849d160


Dynamic libraries:
0x00007ff77ef10000 - 0x00007ff77ef20000 	C:\Program Files\Java\jdk-21\bin\java.exe
0x00007ffb622d0000 - 0x00007ffb624e7000 	C:\WINDOWS\SYSTEM32\ntdll.dll
0x00007ffb61220000 - 0x00007ffb612e4000 	C:\WINDOWS\System32\KERNEL32.DLL
0x00007ffb5f5d0000 - 0x00007ffb5f9a2000 	C:\WINDOWS\System32\KERNELBASE.dll
0x00007ffb5fbe0000 - 0x00007ffb5fcf1000 	C:\WINDOWS\System32\ucrtbase.dll
0x00007ffb58500000 - 0x00007ffb58519000 	C:\Program Files\Java\jdk-21\bin\jli.dll
0x00007ffb614a0000 - 0x00007ffb61551000 	C:\WINDOWS\System32\ADVAPI32.dll
0x00007ffb50950000 - 0x00007ffb5096b000 	C:\Program Files\Java\jdk-21\bin\VCRUNTIME140.dll
0x00007ffb61750000 - 0x00007ffb617f7000 	C:\WINDOWS\System32\msvcrt.dll
0x00007ffb61010000 - 0x00007ffb610b8000 	C:\WINDOWS\System32\sechost.dll
0x00007ffb5ff30000 - 0x00007ffb5ff58000 	C:\WINDOWS\System32\bcrypt.dll
0x00007ffb62170000 - 0x00007ffb62284000 	C:\WINDOWS\System32\RPCRT4.dll
0x00007ffb60e50000 - 0x00007ffb61001000 	C:\WINDOWS\System32\USER32.dll
0x00007ffb5f3c0000 - 0x00007ffb5f3e6000 	C:\WINDOWS\System32\win32u.dll
0x00007ffb60300000 - 0x00007ffb60329000 	C:\WINDOWS\System32\GDI32.dll
0x00007ffb5fe00000 - 0x00007ffb5ff23000 	C:\WINDOWS\System32\gdi32full.dll
0x00007ffb5f3f0000 - 0x00007ffb5f48a000 	C:\WINDOWS\System32\msvcp_win.dll
0x00007ffb50620000 - 0x00007ffb508bb000 	C:\WINDOWS\WinSxS\amd64_microsoft.windows.common-controls_6595b64144ccf1df_6.0.22621.5547_none_27104afb73855772\COMCTL32.dll
0x00007ffb5ef10000 - 0x00007ffb5ef1a000 	C:\WINDOWS\SYSTEM32\VERSION.dll
0x00007ffb60330000 - 0x00007ffb60361000 	C:\WINDOWS\System32\IMM32.DLL
0x000000005c140000 - 0x000000005c14c000 	C:\Program Files (x86)\360\Total Security\safemon\SafeWrapper.dll
0x00007ffb17e20000 - 0x00007ffb17ecc000 	C:\Program Files (x86)\360\Total Security\safemon\libzdtp64.dll
0x00007ffb60370000 - 0x00007ffb60c12000 	C:\WINDOWS\System32\SHELL32.dll
0x00007ffb5f490000 - 0x00007ffb5f5cf000 	C:\WINDOWS\System32\wintypes.dll
0x00007ffb5ff60000 - 0x00007ffb602f3000 	C:\WINDOWS\System32\combase.dll
0x00007ffb61660000 - 0x00007ffb616c9000 	C:\WINDOWS\System32\SHLWAPI.dll
0x00007ffb572b0000 - 0x00007ffb572bc000 	C:\Program Files\Java\jdk-21\bin\vcruntime140_1.dll
0x00007ffb4ca70000 - 0x00007ffb4cafe000 	C:\Program Files\Java\jdk-21\bin\msvcp140.dll
0x00007ffb22a90000 - 0x00007ffb237aa000 	C:\Program Files\Java\jdk-21\bin\server\jvm.dll
0x00007ffb60c40000 - 0x00007ffb60cb1000 	C:\WINDOWS\System32\WS2_32.dll
0x00007ffb5f290000 - 0x00007ffb5f2dd000 	C:\WINDOWS\SYSTEM32\POWRPROF.dll
0x00007ffb58e70000 - 0x00007ffb58ea4000 	C:\WINDOWS\SYSTEM32\WINMM.dll
0x00007ffb5f270000 - 0x00007ffb5f283000 	C:\WINDOWS\SYSTEM32\UMPDC.dll
0x00007ffb5e330000 - 0x00007ffb5e348000 	C:\WINDOWS\SYSTEM32\kernel.appcore.dll
0x00007ffb57160000 - 0x00007ffb5716a000 	C:\Program Files\Java\jdk-21\bin\jimage.dll
0x00007ffb5a330000 - 0x00007ffb5a563000 	C:\WINDOWS\SYSTEM32\DBGHELP.DLL
0x00007ffb61f80000 - 0x00007ffb62057000 	C:\WINDOWS\System32\OLEAUT32.dll
0x00007ffb5a2f0000 - 0x00007ffb5a322000 	C:\WINDOWS\SYSTEM32\dbgcore.DLL
0x00007ffb5fd80000 - 0x00007ffb5fdfb000 	C:\WINDOWS\System32\bcryptPrimitives.dll
0x00007ffb3cc20000 - 0x00007ffb3cc2f000 	C:\Program Files\Java\jdk-21\bin\instrument.dll
0x00007ffb508e0000 - 0x00007ffb508ff000 	C:\Program Files\Java\jdk-21\bin\java.dll
0x00007ffb5d210000 - 0x00007ffb5db2d000 	C:\WINDOWS\SYSTEM32\windows.storage.dll
0x00007ffb60cc0000 - 0x00007ffb60dcc000 	C:\WINDOWS\System32\SHCORE.dll
0x00007ffb5f2f0000 - 0x00007ffb5f31b000 	C:\WINDOWS\SYSTEM32\profapi.dll
0x00007ffb22570000 - 0x00007ffb22647000 	C:\Program Files\Java\jdk-21\bin\jsvml.dll
0x00007ffb50940000 - 0x00007ffb50950000 	C:\Program Files\Java\jdk-21\bin\net.dll
0x00007ffb519f0000 - 0x00007ffb51b1c000 	C:\WINDOWS\SYSTEM32\WINHTTP.dll
0x00007ffb5e7c0000 - 0x00007ffb5e829000 	C:\WINDOWS\system32\mswsock.dll
0x00007ffb4ca40000 - 0x00007ffb4ca56000 	C:\Program Files\Java\jdk-21\bin\nio.dll
0x00007ffb4fa30000 - 0x00007ffb4fa48000 	C:\Program Files\Java\jdk-21\bin\zip.dll
0x00007ffb5de00000 - 0x00007ffb5def8000 	C:\WINDOWS\SYSTEM32\DNSAPI.dll
0x00007ffb5dd90000 - 0x00007ffb5ddbd000 	C:\WINDOWS\SYSTEM32\IPHLPAPI.DLL
0x00007ffb61730000 - 0x00007ffb61739000 	C:\WINDOWS\System32\NSI.dll
0x00007ffb4abf0000 - 0x00007ffb4abfa000 	C:\Windows\System32\rasadhlp.dll
0x00007ffb51020000 - 0x00007ffb510a4000 	C:\WINDOWS\System32\fwpuclnt.dll
0x00007ffb5a5c0000 - 0x00007ffb5a5ca000 	C:\Program Files\Java\jdk-21\bin\management.dll
0x0000022292f10000 - 0x0000022292f13000 	C:\Users\owner\.openjfx\cache\21+31\amd64\api-ms-win-core-console-l1-1-0.dll
0x0000022292f20000 - 0x0000022292f23000 	C:\Users\owner\.openjfx\cache\21+31\amd64\api-ms-win-core-console-l1-2-0.dll
0x00007ffb3cc30000 - 0x00007ffb3cc3b000 	C:\Program Files\Java\jdk-21\bin\management_ext.dll
0x00007ffb62160000 - 0x00007ffb62168000 	C:\WINDOWS\System32\PSAPI.DLL
0x0000022292f30000 - 0x0000022292f33000 	C:\Users\owner\.openjfx\cache\21+31\amd64\api-ms-win-core-datetime-l1-1-0.dll
0x0000022292f40000 - 0x0000022292f43000 	C:\Users\owner\.openjfx\cache\21+31\amd64\api-ms-win-core-debug-l1-1-0.dll
0x0000022292f50000 - 0x0000022292f53000 	C:\Users\owner\.openjfx\cache\21+31\amd64\api-ms-win-core-errorhandling-l1-1-0.dll
0x0000022292f60000 - 0x0000022292f64000 	C:\Users\owner\.openjfx\cache\21+31\amd64\api-ms-win-core-file-l1-1-0.dll
0x0000022292f70000 - 0x0000022292f73000 	C:\Users\owner\.openjfx\cache\21+31\amd64\api-ms-win-core-file-l1-2-0.dll
0x00007ffb5ea40000 - 0x00007ffb5ea5b000 	C:\WINDOWS\SYSTEM32\CRYPTSP.dll
0x00007ffb5e290000 - 0x00007ffb5e2c7000 	C:\WINDOWS\system32\rsaenh.dll
0x00007ffb5e8d0000 - 0x00007ffb5e8f8000 	C:\WINDOWS\SYSTEM32\USERENV.dll
0x00007ffb5ea30000 - 0x00007ffb5ea3c000 	C:\WINDOWS\SYSTEM32\CRYPTBASE.dll
0x00007ffb3d8d0000 - 0x00007ffb3d8e7000 	C:\WINDOWS\system32\napinsp.dll
0x00007ffb3d8b0000 - 0x00007ffb3d8cb000 	C:\WINDOWS\system32\pnrpnsp.dll
0x00007ffb3d890000 - 0x00007ffb3d8a1000 	C:\WINDOWS\System32\winrnr.dll
0x00007ffb3d870000 - 0x00007ffb3d88f000 	C:\WINDOWS\system32\wshbth.dll
0x00007ffb3d840000 - 0x00007ffb3d861000 	C:\WINDOWS\system32\nlansp_c.dll
0x0000022292f80000 - 0x0000022292f83000 	C:\Users\owner\.openjfx\cache\21+31\amd64\api-ms-win-core-file-l2-1-0.dll
0x0000022292f90000 - 0x0000022292f93000 	C:\Users\owner\.openjfx\cache\21+31\amd64\api-ms-win-core-handle-l1-1-0.dll
0x0000022292fc0000 - 0x0000022292fc3000 	C:\Users\owner\.openjfx\cache\21+31\amd64\api-ms-win-core-heap-l1-1-0.dll
0x0000022292fd0000 - 0x0000022292fd3000 	C:\Users\owner\.openjfx\cache\21+31\amd64\api-ms-win-core-interlocked-l1-1-0.dll
0x0000022292fa0000 - 0x0000022292fa3000 	C:\Users\owner\.openjfx\cache\21+31\amd64\api-ms-win-core-libraryloader-l1-1-0.dll
0x0000022292fb0000 - 0x0000022292fb3000 	C:\Users\owner\.openjfx\cache\21+31\amd64\api-ms-win-core-localization-l1-2-0.dll
0x0000022292fe0000 - 0x0000022292fe3000 	C:\Users\owner\.openjfx\cache\21+31\amd64\api-ms-win-core-memory-l1-1-0.dll
0x0000022292ff0000 - 0x0000022292ff3000 	C:\Users\owner\.openjfx\cache\21+31\amd64\api-ms-win-core-namedpipe-l1-1-0.dll
0x00000222d9b10000 - 0x00000222d9b13000 	C:\Users\owner\.openjfx\cache\21+31\amd64\api-ms-win-core-processenvironment-l1-1-0.dll
0x00000222d9b20000 - 0x00000222d9b23000 	C:\Users\owner\.openjfx\cache\21+31\amd64\api-ms-win-core-processthreads-l1-1-0.dll
0x00000222d9b30000 - 0x00000222d9b33000 	C:\Users\owner\.openjfx\cache\21+31\amd64\api-ms-win-core-processthreads-l1-1-1.dll
0x00000222d9b40000 - 0x00000222d9b43000 	C:\Users\owner\.openjfx\cache\21+31\amd64\api-ms-win-core-profile-l1-1-0.dll
0x00000222d9b50000 - 0x00000222d9b53000 	C:\Users\owner\.openjfx\cache\21+31\amd64\api-ms-win-core-rtlsupport-l1-1-0.dll
0x00000222d9b60000 - 0x00000222d9b63000 	C:\Users\owner\.openjfx\cache\21+31\amd64\api-ms-win-core-string-l1-1-0.dll
0x00000222d9b70000 - 0x00000222d9b73000 	C:\Users\owner\.openjfx\cache\21+31\amd64\api-ms-win-core-synch-l1-1-0.dll
0x00000222d9b80000 - 0x00000222d9b83000 	C:\Users\owner\.openjfx\cache\21+31\amd64\api-ms-win-core-synch-l1-2-0.dll
0x00000222d9b90000 - 0x00000222d9b93000 	C:\Users\owner\.openjfx\cache\21+31\amd64\api-ms-win-core-sysinfo-l1-1-0.dll
0x00000222d9ba0000 - 0x00000222d9ba3000 	C:\Users\owner\.openjfx\cache\21+31\amd64\api-ms-win-core-timezone-l1-1-0.dll
0x00000222d9bb0000 - 0x00000222d9bb3000 	C:\Users\owner\.openjfx\cache\21+31\amd64\api-ms-win-core-util-l1-1-0.dll
0x00000222d9bc0000 - 0x00000222d9bc3000 	C:\Users\owner\.openjfx\cache\21+31\amd64\api-ms-win-crt-conio-l1-1-0.dll
0x00000222d9bd0000 - 0x00000222d9bd4000 	C:\Users\owner\.openjfx\cache\21+31\amd64\api-ms-win-crt-convert-l1-1-0.dll
0x00000222d9be0000 - 0x00000222d9be3000 	C:\Users\owner\.openjfx\cache\21+31\amd64\api-ms-win-crt-environment-l1-1-0.dll
0x00000222d9bf0000 - 0x00000222d9bf3000 	C:\Users\owner\.openjfx\cache\21+31\amd64\api-ms-win-crt-filesystem-l1-1-0.dll
0x00000222d9c00000 - 0x00000222d9c03000 	C:\Users\owner\.openjfx\cache\21+31\amd64\api-ms-win-crt-heap-l1-1-0.dll
0x00000222d9c10000 - 0x00000222d9c13000 	C:\Users\owner\.openjfx\cache\21+31\amd64\api-ms-win-crt-locale-l1-1-0.dll
0x00000222d9c20000 - 0x00000222d9c25000 	C:\Users\owner\.openjfx\cache\21+31\amd64\api-ms-win-crt-math-l1-1-0.dll
0x00000222d9c30000 - 0x00000222d9c35000 	C:\Users\owner\.openjfx\cache\21+31\amd64\api-ms-win-crt-multibyte-l1-1-0.dll
0x00000222d9c40000 - 0x00000222d9c50000 	C:\Users\owner\.openjfx\cache\21+31\amd64\api-ms-win-crt-private-l1-1-0.dll
0x00000222d9c50000 - 0x00000222d9c53000 	C:\Users\owner\.openjfx\cache\21+31\amd64\api-ms-win-crt-process-l1-1-0.dll
0x00000222d9c60000 - 0x00000222d9c64000 	C:\Users\owner\.openjfx\cache\21+31\amd64\api-ms-win-crt-runtime-l1-1-0.dll
0x00000222d9c70000 - 0x00000222d9c74000 	C:\Users\owner\.openjfx\cache\21+31\amd64\api-ms-win-crt-stdio-l1-1-0.dll
0x00007ffb4e1f0000 - 0x00007ffb4e240000 	C:\WINDOWS\SYSTEM32\pdh.dll
0x00000222d9c80000 - 0x00000222d9c84000 	C:\Users\owner\.openjfx\cache\21+31\amd64\api-ms-win-crt-string-l1-1-0.dll
0x00000222d9c90000 - 0x00000222d9c93000 	C:\Users\owner\.openjfx\cache\21+31\amd64\api-ms-win-crt-time-l1-1-0.dll
0x00000222d9ca0000 - 0x00000222d9ca3000 	C:\Users\owner\.openjfx\cache\21+31\amd64\api-ms-win-crt-utility-l1-1-0.dll
0x00007ffb02e20000 - 0x00007ffb02f1c000 	C:\Users\owner\.openjfx\cache\21+31\amd64\ucrtbase.dll
0x00007ffb2d150000 - 0x00007ffb2d16b000 	C:\Users\owner\.openjfx\cache\21+31\amd64\vcruntime140.dll
0x00007ffb3a7f0000 - 0x00007ffb3a7fc000 	C:\Users\owner\.openjfx\cache\21+31\amd64\vcruntime140_1.dll
0x00007ffb13e50000 - 0x00007ffb13ede000 	C:\Users\owner\.openjfx\cache\21+31\amd64\msvcp140.dll
0x00007ffb612f0000 - 0x00007ffb61490000 	C:\WINDOWS\System32\ole32.dll
0x00007ffb30570000 - 0x00007ffb30579000 	C:\Users\owner\.openjfx\cache\21+31\amd64\msvcp140_1.dll
0x00007ffb1bd20000 - 0x00007ffb1bd4f000 	C:\Users\owner\.openjfx\cache\21+31\amd64\msvcp140_2.dll
0x00007ffb1bc60000 - 0x00007ffb1bc8f000 	C:\Users\owner\.openjfx\cache\21+31\amd64\prism_d3d.dll
0x00007ffb140b0000 - 0x00007ffb14258000 	C:\WINDOWS\system32\d3d9.dll
0x00007ffb5cb90000 - 0x00007ffb5cbbe000 	C:\WINDOWS\SYSTEM32\dwmapi.dll
0x00007ffb5ca40000 - 0x00007ffb5ca77000 	C:\WINDOWS\SYSTEM32\dxcore.dll
0x00007ffb5c930000 - 0x00007ffb5c9e4000 	C:\WINDOWS\system32\uxtheme.dll
0x00007ffb58eb0000 - 0x00007ffb59068000 	C:\WINDOWS\System32\DriverStore\FileRepository\u0376648.inf_amd64_10263edfe9a1aa63\B374868\aticfx64.dll
0x00007ffb1c7e0000 - 0x00007ffb1c814000 	C:\WINDOWS\System32\DriverStore\FileRepository\u0376648.inf_amd64_10263edfe9a1aa63\B374868\atiu9p64.dll
0x00007ffae1b40000 - 0x00007ffae2894000 	C:\WINDOWS\System32\DriverStore\FileRepository\u0376648.inf_amd64_10263edfe9a1aa63\B374868\atiumd64.dll
0x000000005afe0000 - 0x000000005be53000 	C:\WINDOWS\System32\DriverStore\FileRepository\u0376648.inf_amd64_10263edfe9a1aa63\B374868\atiumd6a.dll
0x00007ffb61b00000 - 0x00007ffb61f74000 	C:\WINDOWS\System32\SETUPAPI.dll
0x00007ffb586b0000 - 0x00007ffb586e0000 	C:\WINDOWS\SYSTEM32\amdihk64.dll
0x00007ffb5a570000 - 0x00007ffb5a5ba000 	C:\WINDOWS\SYSTEM32\directxdatabasehelper.dll

dbghelp: loaded successfully - version: 4.0.5 - missing functions: none
symbol engine: initialized successfully - sym options: 0x614 - pdb path: .;C:\Program Files\Java\jdk-21\bin;C:\WINDOWS\SYSTEM32;C:\WINDOWS\WinSxS\amd64_microsoft.windows.common-controls_6595b64144ccf1df_6.0.22621.5547_none_27104afb73855772;C:\Program Files (x86)\360\Total Security\safemon;C:\Program Files\Java\jdk-21\bin\server;C:\Users\owner\.openjfx\cache\21+31\amd64;C:\WINDOWS\System32\DriverStore\FileRepository\u0376648.inf_amd64_10263edfe9a1aa63\B374868;C:\Program Files\Common Files\Microsoft Shared\Ink

VM Arguments:
jvm_args: -javaagent:C:\Program Files\JetBrains\IntelliJ IDEA 2025.1.2\lib\idea_rt.jar=57804 -Dfile.encoding=UTF-8 -Dsun.stdout.encoding=UTF-8 -Dsun.stderr.encoding=UTF-8 --module-path=C:\Users\owner\.m2\repository\org\openjfx\javafx-fxml\21\javafx-fxml-21-win.jar;C:\Users\owner\.m2\repository\org\controlsfx\controlsfx\11.2.1\controlsfx-11.2.1.jar;C:\Users\owner\.m2\repository\org\openjfx\javafx-graphics\21\javafx-graphics-21-win.jar;C:\Users\owner\.m2\repository\org\openjfx\javafx-controls\21\javafx-controls-21-win.jar;C:\Users\owner\.m2\repository\org\openjfx\javafx-base\21\javafx-base-21-win.jar;C:\Users\owner\.m2\repository\org\kordamp\bootstrapfx\bootstrapfx-core\0.4.0\bootstrapfx-core-0.4.0.jar;C:\Users\owner\Desktop\Techgineers_Biblioteca\Biblioteca\target\classes -Djdk.module.main=mx.edu.utez.biblioteca 
java_command: mx.edu.utez.biblioteca/mx.edu.utez.biblioteca.HelloApplication
java_class_path (initial): C:\Users\owner\.m2\repository\org\openjfx\javafx-controls\21\javafx-controls-21.jar;C:\Users\owner\.m2\repository\org\openjfx\javafx-graphics\21\javafx-graphics-21.jar;C:\Users\owner\.m2\repository\org\openjfx\javafx-base\21\javafx-base-21.jar;C:\Users\owner\.m2\repository\org\openjfx\javafx-fxml\21\javafx-fxml-21.jar
Launcher Type: SUN_STANDARD

[Global flags]
     intx CICompilerCount                          = 2                                         {product} {ergonomic}
     uint ConcGCThreads                            = 1                                         {product} {ergonomic}
     uint G1ConcRefinementThreads                  = 2                                         {product} {ergonomic}
   size_t G1HeapRegionSize                         = 1048576                                   {product} {ergonomic}
    uintx GCDrainStackTargetSize                   = 64                                        {product} {ergonomic}
   size_t InitialHeapSize                          = 100663296                                 {product} {ergonomic}
   size_t MarkStackSize                            = 4194304                                   {product} {ergonomic}
   size_t MaxHeapSize                              = 1595932672                                {product} {ergonomic}
   size_t MaxNewSize                               = 957349888                                 {product} {ergonomic}
   size_t MinHeapDeltaBytes                        = 1048576                                   {product} {ergonomic}
   size_t MinHeapSize                              = 8388608                                   {product} {ergonomic}
    uintx NonNMethodCodeHeapSize                   = 5826188                                {pd product} {ergonomic}
    uintx NonProfiledCodeHeapSize                  = 122916026                              {pd product} {ergonomic}
    uintx ProfiledCodeHeapSize                     = 122916026                              {pd product} {ergonomic}
    uintx ReservedCodeCacheSize                    = 251658240                              {pd product} {ergonomic}
     bool SegmentedCodeCache                       = true                                      {product} {ergonomic}
   size_t SoftMaxHeapSize                          = 1595932672                             {manageable} {ergonomic}
     bool UseCompressedOops                        = true                           {product lp64_product} {ergonomic}
     bool UseG1GC                                  = true                                      {product} {ergonomic}
     bool UseLargePagesIndividualAllocation        = false                                  {pd product} {ergonomic}

Logging:
Log output configuration:
 #0: stdout all=warning uptime,level,tags foldmultilines=false
 #1: stderr all=off uptime,level,tags foldmultilines=false

Environment Variables:
JAVA_HOME=C:\Program Files\Java\jdk-21
PATH=C:\app\owner\product\21c\dbhomeXE\bin;C:\Program Files\Common Files\Oracle\Java\javapath;F:\Downloads\dbhomeXE\bin;C:\Program Files\Eclipse Adoptium\jdk-21.0.7.6-hotspot\bin;C:\Windows\system32;C:\Windows;C:\Windows\System32\Wbem;C:\Windows\System32\WindowsPowerShell\v1.0\;C:\Windows\System32\OpenSSH\;C:\Program Files\HP\HP One Agent;C:\WINDOWS\system32;C:\WINDOWS;C:\WINDOWS\System32\Wbem;C:\WINDOWS\System32\WindowsPowerShell\v1.0\;C:\WINDOWS\System32\OpenSSH\;C:\mingw64\bin;C:\Program Files\Git\cmd;C:\Program Files\Java\jdk-21\bin;C:\Program Files\Maven\apache-maven-3.9.10-bin\apache-maven-3.9.10;C:\Program Files\Java\jdk-21;C:\Users\owner\AppData\Local\Microsoft\WindowsApps;C:\Users\owner\AppData\Local\Programs\Microsoft VS Code\bin;C:\Program Files\JetBrains\IntelliJ IDEA 2025.1.2\bin;;C:\Program Files\JavaFX\javafx-sdk-21.0.7\lib;C:\Program Files\Java\jdk-21\bin;C:\Program Files\Maven\apache-maven-3.9.10-bin\apache-maven-3.9.10\bin;
USERNAME=owner
OS=Windows_NT
PROCESSOR_IDENTIFIER=AMD64 Family 23 Model 32 Stepping 1, AuthenticAMD
TMP=C:\Users\owner\AppData\Local\Temp
TEMP=C:\Users\owner\AppData\Local\Temp




Periodic native trim disabled

---------------  S Y S T E M  ---------------

OS:
 Windows 11 , 64 bit Build 22621 (10.0.22621.5415)
OS uptime: 3 days 6:45 hours
Hyper-V role detected

CPU: total 2 (initial active 2) (2 cores per cpu, 1 threads per core) family 23 model 32 stepping 1 microcode 0x0, cx8, cmov, fxsr, mmx, 3dnowpref, sse, sse2, sse3, ssse3, sse4a, sse4.1, sse4.2, popcnt, lzcnt, tsc, tscinvbit, avx, avx2, aes, clmul, bmi1, bmi2, adx, sha, fma, vzeroupper, clflush, clflushopt, hv, rdtscp, f16c
Processor Information for all 2 processors :
  Max Mhz: 1200, Current Mhz: 1200, Mhz Limit: 1200

Memory: 4k page, system-wide physical 6086M (341M free)
TotalPageFile size 16476M (AvailPageFile size 0M)
current process WorkingSet (physical memory assigned to process): 144M, peak: 163M
current process commit charge ("private bytes"): 236M, peak: 256M

vm_info: Java HotSpot(TM) 64-Bit Server VM (21.0.7+8-LTS-245) for windows-amd64 JRE (21.0.7+8-LTS-245), built on 2025-02-21T05:11:27Z by "mach5one" with MS VC++ 17.6 (VS2022)

END.
